<?xml version="1.0" encoding="UTF-8"?>
<!-- Generated by org.testng.reporters.JUnitReportReporter -->
<testsuite hostname="upendra" failures="0" tests="2" name="PracticeExercise.pages.testng.LoginTest" time="0.013" errors="0" timestamp="2024-02-09T09:06:39 IST" skipped="0">
  <testcase classname="PracticeExercise.pages.testng.LoginTest" name="test2" time="0.001"/>
  <system-out/>
  <testcase classname="PracticeExercise.pages.testng.LoginTest" name="test1" time="0.012"/>
  <system-out/>
</testsuite> <!-- PracticeExercise.pages.testng.LoginTest -->
