<?xml version="1.0" encoding="UTF-8"?>
<!-- Generated by org.testng.reporters.JUnitReportReporter -->
<testsuite hostname="upendra" failures="0" tests="1" name="pages.LoginTest" time="0.654" errors="0" timestamp="2024-02-09T15:55:22 IST" skipped="0">
  <testcase classname="pages.LoginTest" name="testLogin" time="0.654"/>
  <system-out/>
</testsuite> <!-- pages.LoginTest -->
