<?xml version="1.0" encoding="UTF-8"?>
<!-- Generated by org.testng.reporters.JUnitReportReporter -->
<testsuite hostname="upendra" failures="0" tests="1" name="ps1.s2.PS1_LoginTest" time="13.451" errors="0" timestamp="2024-02-09T15:56:45 IST" skipped="0">
  <testcase classname="ps1.s2.PS1_LoginTest" name="testLogin" time="13.451"/>
  <system-out/>
</testsuite> <!-- ps1.s2.PS1_LoginTest -->
